Using pre-set license
Built from '2021.3/staging' branch; Version is '2021.3.10f1 (1c7d0df0160b) revision 1867021'; Using compiler version '192829333'; Build Type 'Release'
OS: 'Windows 10  (10.0.19043) 64bit Professional' Language: 'en' Physical Memory: 65486 MB
BatchMode: 1, IsHumanControllingUs: 0, StartBugReporterOnCrash: 0, Is64bit: 1, IsPro: 1

COMMAND LINE ARGUMENTS:
E:\Unity Projects\2021.3.10f1\Editor\Unity.exe
-adb2
-batchMode
-noUpm
-name
AssetImportWorker8
-projectPath
C:/Users/Nojus/Documents/GitHub/td-game/src/v 0.0
-logFile
Logs/AssetImportWorker8.log
-srvPort
49463
Successfully changed project path to: C:/Users/Nojus/Documents/GitHub/td-game/src/v 0.0
C:/Users/Nojus/Documents/GitHub/td-game/src/v 0.0
[UnityMemory] Configuration Parameters - Can be set up in boot.config
    "memorysetup-bucket-allocator-granularity=16"
    "memorysetup-bucket-allocator-bucket-count=8"
    "memorysetup-bucket-allocator-block-size=33554432"
    "memorysetup-bucket-allocator-block-count=8"
    "memorysetup-main-allocator-block-size=16777216"
    "memorysetup-thread-allocator-block-size=16777216"
    "memorysetup-gfx-main-allocator-block-size=16777216"
    "memorysetup-gfx-thread-allocator-block-size=16777216"
    "memorysetup-cache-allocator-block-size=4194304"
    "memorysetup-typetree-allocator-block-size=2097152"
    "memorysetup-profiler-bucket-allocator-granularity=16"
    "memorysetup-profiler-bucket-allocator-bucket-count=8"
    "memorysetup-profiler-bucket-allocator-block-size=33554432"
    "memorysetup-profiler-bucket-allocator-block-count=8"
    "memorysetup-profiler-allocator-block-size=16777216"
    "memorysetup-profiler-editor-allocator-block-size=1048576"
    "memorysetup-temp-allocator-size-main=16777216"
    "memorysetup-job-temp-allocator-block-size=2097152"
    "memorysetup-job-temp-allocator-block-size-background=1048576"
    "memorysetup-job-temp-allocator-reduction-small-platforms=262144"
    "memorysetup-temp-allocator-size-background-worker=32768"
    "memorysetup-temp-allocator-size-job-worker=262144"
    "memorysetup-temp-allocator-size-preload-manager=33554432"
    "memorysetup-temp-allocator-size-nav-mesh-worker=65536"
    "memorysetup-temp-allocator-size-audio-worker=65536"
    "memorysetup-temp-allocator-size-cloud-worker=32768"
    "memorysetup-temp-allocator-size-gi-baking-worker=262144"
    "memorysetup-temp-allocator-size-gfx=262144"
Refreshing native plugins compatible for Editor in 108.71 ms, found 4 plugins.
Preloading 0 native plugins for Editor in 0.00 ms.
Initialize engine version: 2021.3.10f1 (1c7d0df0160b)
[Subsystems] Discovering subsystems at path E:/Unity Projects/2021.3.10f1/Editor/Data/Resources/UnitySubsystems
[Subsystems] Discovering subsystems at path C:/Users/Nojus/Documents/GitHub/td-game/src/v 0.0/Assets
GfxDevice: creating device client; threaded=0; jobified=0
Direct3D:
    Version:  Direct3D 11.0 [level 11.1]
    Renderer: NVIDIA GeForce GTX 1070 (ID=0x1b81)
    Vendor:   NVIDIA
    VRAM:     8088 MB
    Driver:   31.0.15.1694
Initialize mono
Mono path[0] = 'E:/Unity Projects/2021.3.10f1/Editor/Data/Managed'
Mono path[1] = 'E:/Unity Projects/2021.3.10f1/Editor/Data/MonoBleedingEdge/lib/mono/unityjit-win32'
Mono config path = 'E:/Unity Projects/2021.3.10f1/Editor/Data/MonoBleedingEdge/etc'
Using monoOptions --debugger-agent=transport=dt_socket,embedding=1,server=y,suspend=n,address=127.0.0.1:56912
Begin MonoManager ReloadAssembly
Registering precompiled unity dll's ...
Register platform support module: E:/Unity Projects/2021.3.10f1/Editor/Data/PlaybackEngines/WindowsStandaloneSupport/UnityEditor.WindowsStandalone.Extensions.dll
Registered in 0.003624 seconds.
Native extension for WindowsStandalone target not found
Refreshing native plugins compatible for Editor in 88.07 ms, found 4 plugins.
Preloading 0 native plugins for Editor in 0.00 ms.
Mono: successfully reloaded assembly
- Completed reload, in  0.844 seconds
Domain Reload Profiling:
	ReloadAssembly (845ms)
		BeginReloadAssembly (100ms)
			ExecutionOrderSort (0ms)
			DisableScriptedObjects (0ms)
			BackupInstance (0ms)
			ReleaseScriptingObjects (0ms)
			CreateAndSetChildDomain (1ms)
		EndReloadAssembly (559ms)
			LoadAssemblies (99ms)
			RebuildTransferFunctionScriptingTraits (0ms)
			SetupTypeCache (205ms)
			ReleaseScriptCaches (0ms)
			RebuildScriptCaches (29ms)
			SetupLoadedEditorAssemblies (276ms)
				LogAssemblyErrors (0ms)
				InitializePlatformSupportModulesInManaged (6ms)
				SetLoadedEditorAssemblies (0ms)
				RefreshPlugins (88ms)
				BeforeProcessingInitializeOnLoad (1ms)
				ProcessInitializeOnLoadAttributes (123ms)
				ProcessInitializeOnLoadMethodAttributes (58ms)
				AfterProcessingInitializeOnLoad (0ms)
				EditorAssembliesLoaded (0ms)
			ExecutionOrderSort2 (0ms)
			AwakeInstancesAfterBackupRestoration (0ms)
Platform modules already initialized, skipping
Registering precompiled user dll's ...
Registered in 0.030568 seconds.
Begin MonoManager ReloadAssembly
Symbol file LoadedFromMemory doesn't match image C:\Users\Nojus\Documents\GitHub\td-game\src\v 0.0\Library\PackageCache\com.unity.visualscripting@1.7.8\Editor\VisualScripting.Core\Dependencies\YamlDotNet\Unity.VisualScripting.YamlDotNet.dll
Symbol file LoadedFromMemory doesn't match image C:\Users\Nojus\Documents\GitHub\td-game\src\v 0.0\Library\PackageCache\com.unity.visualscripting@1.7.8\Editor\VisualScripting.Core\Dependencies\DotNetZip\Unity.VisualScripting.IonicZip.dll
Native extension for WindowsStandalone target not found
Refreshing native plugins compatible for Editor in 90.38 ms, found 4 plugins.
Preloading 0 native plugins for Editor in 0.00 ms.
Mono: successfully reloaded assembly
- Completed reload, in  1.227 seconds
Domain Reload Profiling:
	ReloadAssembly (1228ms)
		BeginReloadAssembly (140ms)
			ExecutionOrderSort (0ms)
			DisableScriptedObjects (5ms)
			BackupInstance (0ms)
			ReleaseScriptingObjects (0ms)
			CreateAndSetChildDomain (18ms)
		EndReloadAssembly (988ms)
			LoadAssemblies (110ms)
			RebuildTransferFunctionScriptingTraits (0ms)
			SetupTypeCache (216ms)
			ReleaseScriptCaches (1ms)
			RebuildScriptCaches (53ms)
			SetupLoadedEditorAssemblies (595ms)
				LogAssemblyErrors (0ms)
				InitializePlatformSupportModulesInManaged (3ms)
				SetLoadedEditorAssemblies (0ms)
				RefreshPlugins (90ms)
				BeforeProcessingInitializeOnLoad (95ms)
				ProcessInitializeOnLoadAttributes (365ms)
				ProcessInitializeOnLoadMethodAttributes (39ms)
				AfterProcessingInitializeOnLoad (3ms)
				EditorAssembliesLoaded (0ms)
			ExecutionOrderSort2 (0ms)
			AwakeInstancesAfterBackupRestoration (6ms)
Platform modules already initialized, skipping
========================================================================
Worker process is ready to serve import requests
Launched and connected shader compiler UnityShaderCompiler.exe after 0.09 seconds
Refreshing native plugins compatible for Editor in 1.19 ms, found 4 plugins.
Preloading 0 native plugins for Editor in 0.00 ms.
Unloading 4120 Unused Serialized files (Serialized files now loaded: 0)
Unloading 38 unused Assets / (30.2 KB). Loaded Objects now: 4579.
Memory consumption went from 154.8 MB to 154.8 MB.
Total: 3.524900 ms (FindLiveObjects: 0.388100 ms CreateObjectMapping: 0.098400 ms MarkObjects: 3.004100 ms  DeleteObjects: 0.033300 ms)

AssetImportParameters requested are different than current active one (requested -> active):
  custom:video-decoder-ogg-theora: a1e56fd34408186e4bbccfd4996cb3dc -> 
  custom:container-muxer-webm: aa71ff27fc2769a1b78a27578f13a17b -> 
  custom:container-demuxer-webm: 4f35f7cbe854078d1ac9338744f61a02 -> 
  custom:video-encoder-webm-vp8: eb34c28f22e8b96e1ab97ce403110664 -> 
  custom:audio-encoder-webm-vorbis: bf7c407c2cedff20999df2af8eb42d56 -> 
  custom:framework-win-MediaFoundation: 216162199b28c13a410421893ffa2e32 -> 
  custom:container-demuxer-ogg: 62fdf1f143b41e24485cea50d1cbac27 -> 
  custom:video-decoder-webm-vp8: 9c59270c3fd7afecdb556c50c9e8de78 -> 
  custom:audio-decoder-ogg-vorbis: bf7c407c2cedff20999df2af8eb42d56 -> 
========================================================================
Received Import Request.
  Time since last request: 58526.057060 seconds.
  path: Assets/Resources/Tower5(Clone).prefab
  artifactKey: Guid(fbccc2c09d0edf54781cd808ec6de10f) Importer(815301076,1909f56bfc062723c751e8b465ee728b)
Start importing Assets/Resources/Tower5(Clone).prefab using Guid(fbccc2c09d0edf54781cd808ec6de10f) Importer(815301076,1909f56bfc062723c751e8b465ee728b)  -> (artifact id: 'fdcea7198938d312480451d8dd47b5ce') in 0.118409 seconds 
========================================================================
Received Import Request.
  Time since last request: 0.000019 seconds.
  path: Assets/Resources/Tower2(Clone).prefab
  artifactKey: Guid(01aae6780aaf79a4c878f5f9a0cc0a6c) Importer(815301076,1909f56bfc062723c751e8b465ee728b)
Start importing Assets/Resources/Tower2(Clone).prefab using Guid(01aae6780aaf79a4c878f5f9a0cc0a6c) Importer(815301076,1909f56bfc062723c751e8b465ee728b)  -> (artifact id: '9a493fbcb6b21c0bd45a80a2253e333f') in 0.012850 seconds 
========================================================================
Received Import Request.
  Time since last request: 32.597461 seconds.
  path: Assets/Prefabs/Tile/Grass.prefab
  artifactKey: Guid(5e14767ce2bd91c40bd53a24cc8207be) Importer(815301076,1909f56bfc062723c751e8b465ee728b)
Start importing Assets/Prefabs/Tile/Grass.prefab using Guid(5e14767ce2bd91c40bd53a24cc8207be) Importer(815301076,1909f56bfc062723c751e8b465ee728b)  -> (artifact id: '649bc01bd9b422ead9701f702c9fa1ca') in 0.009341 seconds 
========================================================================
Received Import Request.
  Time since last request: 0.527179 seconds.
  path: Assets/Prefabs/Enemy/BlueSlime.prefab
  artifactKey: Guid(d830ef723617d6b48b666042571444a0) Importer(815301076,1909f56bfc062723c751e8b465ee728b)
Start importing Assets/Prefabs/Enemy/BlueSlime.prefab using Guid(d830ef723617d6b48b666042571444a0) Importer(815301076,1909f56bfc062723c751e8b465ee728b)  -> (artifact id: '325eda472f5fbcc5055d20c4e316cc2d') in 0.019715 seconds 
========================================================================
Received Import Request.
  Time since last request: 0.000019 seconds.
  path: Assets/Prefabs/Enemy/PurpleSlime.prefab
  artifactKey: Guid(15b69d6a5e5b93f4ca9a6491a71e8590) Importer(815301076,1909f56bfc062723c751e8b465ee728b)
Start importing Assets/Prefabs/Enemy/PurpleSlime.prefab using Guid(15b69d6a5e5b93f4ca9a6491a71e8590) Importer(815301076,1909f56bfc062723c751e8b465ee728b)  -> (artifact id: '5d1697f95672887612e2395669a5fa9b') in 0.018038 seconds 
========================================================================
Received Import Request.
  Time since last request: 0.000025 seconds.
  path: Assets/Prefabs/Enemy/Spider.prefab
  artifactKey: Guid(cf6edaa537659514c80c77c7587d652c) Importer(815301076,1909f56bfc062723c751e8b465ee728b)
Start importing Assets/Prefabs/Enemy/Spider.prefab using Guid(cf6edaa537659514c80c77c7587d652c) Importer(815301076,1909f56bfc062723c751e8b465ee728b)  -> (artifact id: 'afc5bde0f318515b24d25a1485ed63d7') in 0.017571 seconds 
========================================================================
Received Import Request.
  Time since last request: 2.424654 seconds.
  path: Assets/Prefabs/Tower/Tower1.prefab
  artifactKey: Guid(e6a1702c0ff81d94cbf3b93c53adbd06) Importer(815301076,1909f56bfc062723c751e8b465ee728b)
Start importing Assets/Prefabs/Tower/Tower1.prefab using Guid(e6a1702c0ff81d94cbf3b93c53adbd06) Importer(815301076,1909f56bfc062723c751e8b465ee728b)  -> (artifact id: 'd8da98208aedaf4769888b47185786ee') in 0.013088 seconds 
========================================================================
Received Import Request.
  Time since last request: 11.842857 seconds.
  path: Assets/Prefabs/Tile/Grass.prefab
  artifactKey: Guid(5e14767ce2bd91c40bd53a24cc8207be) Importer(815301076,1909f56bfc062723c751e8b465ee728b)
Start importing Assets/Prefabs/Tile/Grass.prefab using Guid(5e14767ce2bd91c40bd53a24cc8207be) Importer(815301076,1909f56bfc062723c751e8b465ee728b)  -> (artifact id: '801cdff8658666c40b153c67ab4b4440') in 0.007781 seconds 
========================================================================
Received Import Request.
  Time since last request: 2.795083 seconds.
  path: Assets/Prefabs/Tile/Sand.prefab
  artifactKey: Guid(c4c16bd4750c3614997cd02e938eebba) Importer(815301076,1909f56bfc062723c751e8b465ee728b)
Start importing Assets/Prefabs/Tile/Sand.prefab using Guid(c4c16bd4750c3614997cd02e938eebba) Importer(815301076,1909f56bfc062723c751e8b465ee728b)  -> (artifact id: '2231f72b31346a1a5edee422ce42786f') in 0.008426 seconds 
========================================================================
Received Prepare
Registering precompiled user dll's ...
Registered in 0.009637 seconds.
Begin MonoManager ReloadAssembly
Symbol file LoadedFromMemory doesn't match image C:\Users\Nojus\Documents\GitHub\td-game\src\v 0.0\Library\PackageCache\com.unity.visualscripting@1.7.8\Editor\VisualScripting.Core\Dependencies\YamlDotNet\Unity.VisualScripting.YamlDotNet.dll
Symbol file LoadedFromMemory doesn't match image C:\Users\Nojus\Documents\GitHub\td-game\src\v 0.0\Library\PackageCache\com.unity.visualscripting@1.7.8\Editor\VisualScripting.Core\Dependencies\DotNetZip\Unity.VisualScripting.IonicZip.dll
Native extension for WindowsStandalone target not found
Refreshing native plugins compatible for Editor in 0.78 ms, found 4 plugins.
Preloading 0 native plugins for Editor in 0.00 ms.
Mono: successfully reloaded assembly
- Completed reload, in  0.892 seconds
Domain Reload Profiling:
	ReloadAssembly (892ms)
		BeginReloadAssembly (144ms)
			ExecutionOrderSort (0ms)
			DisableScriptedObjects (6ms)
			BackupInstance (0ms)
			ReleaseScriptingObjects (0ms)
			CreateAndSetChildDomain (39ms)
		EndReloadAssembly (656ms)
			LoadAssemblies (100ms)
			RebuildTransferFunctionScriptingTraits (0ms)
			SetupTypeCache (203ms)
			ReleaseScriptCaches (1ms)
			RebuildScriptCaches (39ms)
			SetupLoadedEditorAssemblies (294ms)
				LogAssemblyErrors (0ms)
				InitializePlatformSupportModulesInManaged (9ms)
				SetLoadedEditorAssemblies (0ms)
				RefreshPlugins (1ms)
				BeforeProcessingInitializeOnLoad (68ms)
				ProcessInitializeOnLoadAttributes (178ms)
				ProcessInitializeOnLoadMethodAttributes (35ms)
				AfterProcessingInitializeOnLoad (3ms)
				EditorAssembliesLoaded (0ms)
			ExecutionOrderSort2 (0ms)
			AwakeInstancesAfterBackupRestoration (9ms)
Platform modules already initialized, skipping
Refreshing native plugins compatible for Editor in 3.22 ms, found 4 plugins.
Preloading 0 native plugins for Editor in 0.00 ms.
Unloading 4096 Unused Serialized files (Serialized files now loaded: 0)
Unloading 26 unused Assets / (24.6 KB). Loaded Objects now: 4590.
Memory consumption went from 157.3 MB to 157.3 MB.
Total: 3.021700 ms (FindLiveObjects: 0.355600 ms CreateObjectMapping: 0.087200 ms MarkObjects: 2.548900 ms  DeleteObjects: 0.029000 ms)

AssetImportParameters requested are different than current active one (requested -> active):
  custom:video-decoder-ogg-theora: a1e56fd34408186e4bbccfd4996cb3dc -> 
  custom:container-muxer-webm: aa71ff27fc2769a1b78a27578f13a17b -> 
  custom:container-demuxer-webm: 4f35f7cbe854078d1ac9338744f61a02 -> 
  custom:video-encoder-webm-vp8: eb34c28f22e8b96e1ab97ce403110664 -> 
  custom:audio-encoder-webm-vorbis: bf7c407c2cedff20999df2af8eb42d56 -> 
  custom:framework-win-MediaFoundation: 216162199b28c13a410421893ffa2e32 -> 
  custom:container-demuxer-ogg: 62fdf1f143b41e24485cea50d1cbac27 -> 
  custom:video-decoder-webm-vp8: 9c59270c3fd7afecdb556c50c9e8de78 -> 
  custom:audio-decoder-ogg-vorbis: bf7c407c2cedff20999df2af8eb42d56 -> 
========================================================================
Received Import Request.
  Time since last request: 50.001047 seconds.
  path: Assets/Prefabs/Tile/GrassCorner.prefab
  artifactKey: Guid(1e72a16080901f848aa6b38e19d14f5d) Importer(815301076,1909f56bfc062723c751e8b465ee728b)
Start importing Assets/Prefabs/Tile/GrassCorner.prefab using Guid(1e72a16080901f848aa6b38e19d14f5d) Importer(815301076,1909f56bfc062723c751e8b465ee728b)  -> (artifact id: '1b7cf88bd0d7d87e241e31661ac1a31c') in 0.052216 seconds 
========================================================================
Received Import Request.
  Time since last request: 7.094332 seconds.
  path: Assets/Prefabs/Tile/Sand.prefab
  artifactKey: Guid(c4c16bd4750c3614997cd02e938eebba) Importer(815301076,1909f56bfc062723c751e8b465ee728b)
Start importing Assets/Prefabs/Tile/Sand.prefab using Guid(c4c16bd4750c3614997cd02e938eebba) Importer(815301076,1909f56bfc062723c751e8b465ee728b)  -> (artifact id: 'cd453779722d07c24e30311985dc0875') in 0.010792 seconds 
========================================================================
Received Import Request.
  Time since last request: 2.029919 seconds.
  path: Assets/Prefabs/Tower/Tower1.prefab
  artifactKey: Guid(e6a1702c0ff81d94cbf3b93c53adbd06) Importer(815301076,1909f56bfc062723c751e8b465ee728b)
Start importing Assets/Prefabs/Tower/Tower1.prefab using Guid(e6a1702c0ff81d94cbf3b93c53adbd06) Importer(815301076,1909f56bfc062723c751e8b465ee728b)  -> (artifact id: '3a73a9e12e8f9c33379bf16a4f4739dc') in 0.010776 seconds 
========================================================================
Received Import Request.
  Time since last request: 0.000016 seconds.
  path: Assets/Prefabs/Tower/Tower5.prefab
  artifactKey: Guid(f9dbcd9f762a87d4586da2dbfad612e3) Importer(815301076,1909f56bfc062723c751e8b465ee728b)
Start importing Assets/Prefabs/Tower/Tower5.prefab using Guid(f9dbcd9f762a87d4586da2dbfad612e3) Importer(815301076,1909f56bfc062723c751e8b465ee728b)  -> (artifact id: '8fba6abb9987163a57eb84cad9b92deb') in 0.008630 seconds 
========================================================================
Received Import Request.
  Time since last request: 15.413317 seconds.
  path: Assets/Resources/Grass(Clone).prefab
  artifactKey: Guid(601c6d81b75d22d43bc814df00c6bd9f) Importer(815301076,1909f56bfc062723c751e8b465ee728b)
Start importing Assets/Resources/Grass(Clone).prefab using Guid(601c6d81b75d22d43bc814df00c6bd9f) Importer(815301076,1909f56bfc062723c751e8b465ee728b)  -> (artifact id: '83de413a598cb8b2beb39d34910cb054') in 0.009815 seconds 
========================================================================
Received Import Request.
  Time since last request: 0.000028 seconds.
  path: Assets/Resources/Tower5(Clone).prefab
  artifactKey: Guid(fbccc2c09d0edf54781cd808ec6de10f) Importer(815301076,1909f56bfc062723c751e8b465ee728b)
Start importing Assets/Resources/Tower5(Clone).prefab using Guid(fbccc2c09d0edf54781cd808ec6de10f) Importer(815301076,1909f56bfc062723c751e8b465ee728b)  -> (artifact id: 'fe4d2ad6822c3a7466ab9e5bb8365778') in 0.011406 seconds 
========================================================================
Received Import Request.
  Time since last request: 0.000027 seconds.
  path: Assets/Resources/Tower3(Clone).prefab
  artifactKey: Guid(62831bd6c97844f4996fcb0b006f1494) Importer(815301076,1909f56bfc062723c751e8b465ee728b)
Start importing Assets/Resources/Tower3(Clone).prefab using Guid(62831bd6c97844f4996fcb0b006f1494) Importer(815301076,1909f56bfc062723c751e8b465ee728b)  -> (artifact id: '721a96a97d3e675e41f9855abf69028a') in 0.013487 seconds 
========================================================================
Received Import Request.
  Time since last request: 3.348128 seconds.
  path: Assets/Resources/Grass(Clone).prefab
  artifactKey: Guid(601c6d81b75d22d43bc814df00c6bd9f) Importer(815301076,1909f56bfc062723c751e8b465ee728b)
Start importing Assets/Resources/Grass(Clone).prefab using Guid(601c6d81b75d22d43bc814df00c6bd9f) Importer(815301076,1909f56bfc062723c751e8b465ee728b)  -> (artifact id: '61d9d47c48f8666dd302cdb0bc468306') in 0.007654 seconds 
========================================================================
Received Import Request.
  Time since last request: 2.111237 seconds.
  path: Assets/Resources/Sand(Clone).prefab
  artifactKey: Guid(702be9435eb54684b8070e117d8c7f11) Importer(815301076,1909f56bfc062723c751e8b465ee728b)
Start importing Assets/Resources/Sand(Clone).prefab using Guid(702be9435eb54684b8070e117d8c7f11) Importer(815301076,1909f56bfc062723c751e8b465ee728b)  -> (artifact id: '915ba5cb88cfd3cdd5bdfbaa9df271de') in 0.008257 seconds 
========================================================================
Received Prepare
Registering precompiled user dll's ...
Registered in 0.007669 seconds.
Begin MonoManager ReloadAssembly
Symbol file LoadedFromMemory doesn't match image C:\Users\Nojus\Documents\GitHub\td-game\src\v 0.0\Library\PackageCache\com.unity.visualscripting@1.7.8\Editor\VisualScripting.Core\Dependencies\YamlDotNet\Unity.VisualScripting.YamlDotNet.dll
Symbol file LoadedFromMemory doesn't match image C:\Users\Nojus\Documents\GitHub\td-game\src\v 0.0\Library\PackageCache\com.unity.visualscripting@1.7.8\Editor\VisualScripting.Core\Dependencies\DotNetZip\Unity.VisualScripting.IonicZip.dll
Native extension for WindowsStandalone target not found
Refreshing native plugins compatible for Editor in 0.89 ms, found 4 plugins.
Preloading 0 native plugins for Editor in 0.00 ms.
Mono: successfully reloaded assembly
- Completed reload, in  0.938 seconds
Domain Reload Profiling:
	ReloadAssembly (939ms)
		BeginReloadAssembly (142ms)
			ExecutionOrderSort (0ms)
			DisableScriptedObjects (7ms)
			BackupInstance (0ms)
			ReleaseScriptingObjects (0ms)
			CreateAndSetChildDomain (34ms)
		EndReloadAssembly (707ms)
			LoadAssemblies (101ms)
			RebuildTransferFunctionScriptingTraits (0ms)
			SetupTypeCache (233ms)
			ReleaseScriptCaches (2ms)
			RebuildScriptCaches (45ms)
			SetupLoadedEditorAssemblies (304ms)
				LogAssemblyErrors (0ms)
				InitializePlatformSupportModulesInManaged (10ms)
				SetLoadedEditorAssemblies (0ms)
				RefreshPlugins (1ms)
				BeforeProcessingInitializeOnLoad (73ms)
				ProcessInitializeOnLoadAttributes (183ms)
				ProcessInitializeOnLoadMethodAttributes (33ms)
				AfterProcessingInitializeOnLoad (3ms)
				EditorAssembliesLoaded (0ms)
			ExecutionOrderSort2 (0ms)
			AwakeInstancesAfterBackupRestoration (7ms)
Platform modules already initialized, skipping
Refreshing native plugins compatible for Editor in 3.31 ms, found 4 plugins.
Preloading 0 native plugins for Editor in 0.00 ms.
Unloading 4096 Unused Serialized files (Serialized files now loaded: 0)
Unloading 26 unused Assets / (24.7 KB). Loaded Objects now: 4593.
Memory consumption went from 157.3 MB to 157.3 MB.
Total: 3.123200 ms (FindLiveObjects: 0.382100 ms CreateObjectMapping: 0.091200 ms MarkObjects: 2.608900 ms  DeleteObjects: 0.039700 ms)

AssetImportParameters requested are different than current active one (requested -> active):
  custom:video-decoder-ogg-theora: a1e56fd34408186e4bbccfd4996cb3dc -> 
  custom:container-muxer-webm: aa71ff27fc2769a1b78a27578f13a17b -> 
  custom:container-demuxer-webm: 4f35f7cbe854078d1ac9338744f61a02 -> 
  custom:video-encoder-webm-vp8: eb34c28f22e8b96e1ab97ce403110664 -> 
  custom:audio-encoder-webm-vorbis: bf7c407c2cedff20999df2af8eb42d56 -> 
  custom:framework-win-MediaFoundation: 216162199b28c13a410421893ffa2e32 -> 
  custom:container-demuxer-ogg: 62fdf1f143b41e24485cea50d1cbac27 -> 
  custom:video-decoder-webm-vp8: 9c59270c3fd7afecdb556c50c9e8de78 -> 
  custom:audio-decoder-ogg-vorbis: bf7c407c2cedff20999df2af8eb42d56 -> 
========================================================================
Received Import Request.
  Time since last request: 493.176669 seconds.
  path: Assets/Resources/Grass(Clone).prefab
  artifactKey: Guid(601c6d81b75d22d43bc814df00c6bd9f) Importer(815301076,1909f56bfc062723c751e8b465ee728b)
Start importing Assets/Resources/Grass(Clone).prefab using Guid(601c6d81b75d22d43bc814df00c6bd9f) Importer(815301076,1909f56bfc062723c751e8b465ee728b)  -> (artifact id: 'f6ca5370c412373f992d9ba3cb6ba9fc') in 0.056323 seconds 
========================================================================
Received Import Request.
  Time since last request: 0.000020 seconds.
  path: Assets/Resources/Tower5(Clone).prefab
  artifactKey: Guid(fbccc2c09d0edf54781cd808ec6de10f) Importer(815301076,1909f56bfc062723c751e8b465ee728b)
Start importing Assets/Resources/Tower5(Clone).prefab using Guid(fbccc2c09d0edf54781cd808ec6de10f) Importer(815301076,1909f56bfc062723c751e8b465ee728b)  -> (artifact id: '397b26b0c16ba75ba794d63890984dc6') in 0.014835 seconds 
========================================================================
Received Import Request.
  Time since last request: 0.000018 seconds.
  path: Assets/Resources/Tower4(Clone).prefab
  artifactKey: Guid(aec71c8958e8a804eb29d0159c4a4901) Importer(815301076,1909f56bfc062723c751e8b465ee728b)
Start importing Assets/Resources/Tower4(Clone).prefab using Guid(aec71c8958e8a804eb29d0159c4a4901) Importer(815301076,1909f56bfc062723c751e8b465ee728b)  -> (artifact id: '001a5a55df0bc07d757148be4d2d22b2') in 0.010804 seconds 
========================================================================
Received Import Request.
  Time since last request: 0.000025 seconds.
  path: Assets/Resources/Sand(Clone).prefab
  artifactKey: Guid(702be9435eb54684b8070e117d8c7f11) Importer(815301076,1909f56bfc062723c751e8b465ee728b)
Start importing Assets/Resources/Sand(Clone).prefab using Guid(702be9435eb54684b8070e117d8c7f11) Importer(815301076,1909f56bfc062723c751e8b465ee728b)  -> (artifact id: '6d045a03ceab322fadbd990d651423e5') in 0.011975 seconds 
========================================================================
Received Import Request.
  Time since last request: 0.000019 seconds.
  path: Assets/Resources/Tower2(Clone).prefab
  artifactKey: Guid(01aae6780aaf79a4c878f5f9a0cc0a6c) Importer(815301076,1909f56bfc062723c751e8b465ee728b)
Start importing Assets/Resources/Tower2(Clone).prefab using Guid(01aae6780aaf79a4c878f5f9a0cc0a6c) Importer(815301076,1909f56bfc062723c751e8b465ee728b)  -> (artifact id: '8d68ed1f0443f787f187e7c372daede1') in 0.013979 seconds 
Editor requested this worker to shutdown with reason: Scaling down because of idle timeout
AssetImportWorker is now disconnected from the server
Process exiting
Exiting without the bug reporter. Application will terminate with return code 0