Using pre-set license
Built from '2021.3/staging' branch; Version is '2021.3.10f1 (1c7d0df0160b) revision 1867021'; Using compiler version '192829333'; Build Type 'Release'
OS: 'Windows 10  (10.0.19043) 64bit Professional' Language: 'en' Physical Memory: 65486 MB
BatchMode: 1, IsHumanControllingUs: 0, StartBugReporterOnCrash: 0, Is64bit: 1, IsPro: 1

COMMAND LINE ARGUMENTS:
E:\Unity Projects\2021.3.10f1\Editor\Unity.exe
-adb2
-batchMode
-noUpm
-name
AssetImportWorker11
-projectPath
C:/Users/Nojus/Documents/GitHub/td-game/src/v 0.0
-logFile
Logs/AssetImportWorker11.log
-srvPort
49463
Successfully changed project path to: C:/Users/Nojus/Documents/GitHub/td-game/src/v 0.0
C:/Users/Nojus/Documents/GitHub/td-game/src/v 0.0
[UnityMemory] Configuration Parameters - Can be set up in boot.config
    "memorysetup-bucket-allocator-granularity=16"
    "memorysetup-bucket-allocator-bucket-count=8"
    "memorysetup-bucket-allocator-block-size=33554432"
    "memorysetup-bucket-allocator-block-count=8"
    "memorysetup-main-allocator-block-size=16777216"
    "memorysetup-thread-allocator-block-size=16777216"
    "memorysetup-gfx-main-allocator-block-size=16777216"
    "memorysetup-gfx-thread-allocator-block-size=16777216"
    "memorysetup-cache-allocator-block-size=4194304"
    "memorysetup-typetree-allocator-block-size=2097152"
    "memorysetup-profiler-bucket-allocator-granularity=16"
    "memorysetup-profiler-bucket-allocator-bucket-count=8"
    "memorysetup-profiler-bucket-allocator-block-size=33554432"
    "memorysetup-profiler-bucket-allocator-block-count=8"
    "memorysetup-profiler-allocator-block-size=16777216"
    "memorysetup-profiler-editor-allocator-block-size=1048576"
    "memorysetup-temp-allocator-size-main=16777216"
    "memorysetup-job-temp-allocator-block-size=2097152"
    "memorysetup-job-temp-allocator-block-size-background=1048576"
    "memorysetup-job-temp-allocator-reduction-small-platforms=262144"
    "memorysetup-temp-allocator-size-background-worker=32768"
    "memorysetup-temp-allocator-size-job-worker=262144"
    "memorysetup-temp-allocator-size-preload-manager=33554432"
    "memorysetup-temp-allocator-size-nav-mesh-worker=65536"
    "memorysetup-temp-allocator-size-audio-worker=65536"
    "memorysetup-temp-allocator-size-cloud-worker=32768"
    "memorysetup-temp-allocator-size-gi-baking-worker=262144"
    "memorysetup-temp-allocator-size-gfx=262144"
Refreshing native plugins compatible for Editor in 99.76 ms, found 4 plugins.
Preloading 0 native plugins for Editor in 0.00 ms.
Initialize engine version: 2021.3.10f1 (1c7d0df0160b)
[Subsystems] Discovering subsystems at path E:/Unity Projects/2021.3.10f1/Editor/Data/Resources/UnitySubsystems
[Subsystems] Discovering subsystems at path C:/Users/Nojus/Documents/GitHub/td-game/src/v 0.0/Assets
GfxDevice: creating device client; threaded=0; jobified=0
Direct3D:
    Version:  Direct3D 11.0 [level 11.1]
    Renderer: NVIDIA GeForce GTX 1070 (ID=0x1b81)
    Vendor:   NVIDIA
    VRAM:     8088 MB
    Driver:   31.0.15.1694
Initialize mono
Mono path[0] = 'E:/Unity Projects/2021.3.10f1/Editor/Data/Managed'
Mono path[1] = 'E:/Unity Projects/2021.3.10f1/Editor/Data/MonoBleedingEdge/lib/mono/unityjit-win32'
Mono config path = 'E:/Unity Projects/2021.3.10f1/Editor/Data/MonoBleedingEdge/etc'
Using monoOptions --debugger-agent=transport=dt_socket,embedding=1,server=y,suspend=n,address=127.0.0.1:56596
Begin MonoManager ReloadAssembly
Registering precompiled unity dll's ...
Register platform support module: E:/Unity Projects/2021.3.10f1/Editor/Data/PlaybackEngines/WindowsStandaloneSupport/UnityEditor.WindowsStandalone.Extensions.dll
Registered in 0.002591 seconds.
Native extension for WindowsStandalone target not found
Refreshing native plugins compatible for Editor in 90.64 ms, found 4 plugins.
Preloading 0 native plugins for Editor in 0.00 ms.
Mono: successfully reloaded assembly
- Completed reload, in  0.597 seconds
Domain Reload Profiling:
	ReloadAssembly (597ms)
		BeginReloadAssembly (83ms)
			ExecutionOrderSort (0ms)
			DisableScriptedObjects (0ms)
			BackupInstance (0ms)
			ReleaseScriptingObjects (0ms)
			CreateAndSetChildDomain (1ms)
		EndReloadAssembly (424ms)
			LoadAssemblies (82ms)
			RebuildTransferFunctionScriptingTraits (0ms)
			SetupTypeCache (94ms)
			ReleaseScriptCaches (0ms)
			RebuildScriptCaches (24ms)
			SetupLoadedEditorAssemblies (263ms)
				LogAssemblyErrors (0ms)
				InitializePlatformSupportModulesInManaged (6ms)
				SetLoadedEditorAssemblies (0ms)
				RefreshPlugins (91ms)
				BeforeProcessingInitializeOnLoad (1ms)
				ProcessInitializeOnLoadAttributes (126ms)
				ProcessInitializeOnLoadMethodAttributes (39ms)
				AfterProcessingInitializeOnLoad (0ms)
				EditorAssembliesLoaded (0ms)
			ExecutionOrderSort2 (0ms)
			AwakeInstancesAfterBackupRestoration (0ms)
Platform modules already initialized, skipping
Registering precompiled user dll's ...
Registered in 0.009612 seconds.
Begin MonoManager ReloadAssembly
Symbol file LoadedFromMemory doesn't match image C:\Users\Nojus\Documents\GitHub\td-game\src\v 0.0\Library\PackageCache\com.unity.visualscripting@1.7.8\Editor\VisualScripting.Core\Dependencies\YamlDotNet\Unity.VisualScripting.YamlDotNet.dll
Symbol file LoadedFromMemory doesn't match image C:\Users\Nojus\Documents\GitHub\td-game\src\v 0.0\Library\PackageCache\com.unity.visualscripting@1.7.8\Editor\VisualScripting.Core\Dependencies\DotNetZip\Unity.VisualScripting.IonicZip.dll
Native extension for WindowsStandalone target not found
Refreshing native plugins compatible for Editor in 87.03 ms, found 4 plugins.
Preloading 0 native plugins for Editor in 0.00 ms.
Mono: successfully reloaded assembly
- Completed reload, in  1.026 seconds
Domain Reload Profiling:
	ReloadAssembly (1027ms)
		BeginReloadAssembly (111ms)
			ExecutionOrderSort (0ms)
			DisableScriptedObjects (5ms)
			BackupInstance (0ms)
			ReleaseScriptingObjects (0ms)
			CreateAndSetChildDomain (18ms)
		EndReloadAssembly (817ms)
			LoadAssemblies (91ms)
			RebuildTransferFunctionScriptingTraits (0ms)
			SetupTypeCache (221ms)
			ReleaseScriptCaches (1ms)
			RebuildScriptCaches (48ms)
			SetupLoadedEditorAssemblies (434ms)
				LogAssemblyErrors (0ms)
				InitializePlatformSupportModulesInManaged (3ms)
				SetLoadedEditorAssemblies (0ms)
				RefreshPlugins (87ms)
				BeforeProcessingInitializeOnLoad (93ms)
				ProcessInitializeOnLoadAttributes (211ms)
				ProcessInitializeOnLoadMethodAttributes (37ms)
				AfterProcessingInitializeOnLoad (3ms)
				EditorAssembliesLoaded (0ms)
			ExecutionOrderSort2 (0ms)
			AwakeInstancesAfterBackupRestoration (5ms)
Platform modules already initialized, skipping
========================================================================
Worker process is ready to serve import requests
Launched and connected shader compiler UnityShaderCompiler.exe after 0.04 seconds
Refreshing native plugins compatible for Editor in 0.82 ms, found 4 plugins.
Preloading 0 native plugins for Editor in 0.00 ms.
Unloading 4120 Unused Serialized files (Serialized files now loaded: 0)
Unloading 38 unused Assets / (30.2 KB). Loaded Objects now: 4579.
Memory consumption went from 154.8 MB to 154.8 MB.
Total: 3.332800 ms (FindLiveObjects: 0.444800 ms CreateObjectMapping: 0.099500 ms MarkObjects: 2.759800 ms  DeleteObjects: 0.027600 ms)

AssetImportParameters requested are different than current active one (requested -> active):
  custom:video-decoder-ogg-theora: a1e56fd34408186e4bbccfd4996cb3dc -> 
  custom:container-muxer-webm: aa71ff27fc2769a1b78a27578f13a17b -> 
  custom:container-demuxer-webm: 4f35f7cbe854078d1ac9338744f61a02 -> 
  custom:video-encoder-webm-vp8: eb34c28f22e8b96e1ab97ce403110664 -> 
  custom:audio-encoder-webm-vorbis: bf7c407c2cedff20999df2af8eb42d56 -> 
  custom:framework-win-MediaFoundation: 216162199b28c13a410421893ffa2e32 -> 
  custom:container-demuxer-ogg: 62fdf1f143b41e24485cea50d1cbac27 -> 
  custom:video-decoder-webm-vp8: 9c59270c3fd7afecdb556c50c9e8de78 -> 
  custom:audio-decoder-ogg-vorbis: bf7c407c2cedff20999df2af8eb42d56 -> 
========================================================================
Received Prepare
Registering precompiled user dll's ...
Registered in 0.009808 seconds.
Begin MonoManager ReloadAssembly
Symbol file LoadedFromMemory doesn't match image C:\Users\Nojus\Documents\GitHub\td-game\src\v 0.0\Library\PackageCache\com.unity.visualscripting@1.7.8\Editor\VisualScripting.Core\Dependencies\YamlDotNet\Unity.VisualScripting.YamlDotNet.dll
Symbol file LoadedFromMemory doesn't match image C:\Users\Nojus\Documents\GitHub\td-game\src\v 0.0\Library\PackageCache\com.unity.visualscripting@1.7.8\Editor\VisualScripting.Core\Dependencies\DotNetZip\Unity.VisualScripting.IonicZip.dll
Native extension for WindowsStandalone target not found
Refreshing native plugins compatible for Editor in 0.74 ms, found 4 plugins.
Preloading 0 native plugins for Editor in 0.00 ms.
Mono: successfully reloaded assembly
- Completed reload, in  0.871 seconds
Domain Reload Profiling:
	ReloadAssembly (871ms)
		BeginReloadAssembly (139ms)
			ExecutionOrderSort (0ms)
			DisableScriptedObjects (7ms)
			BackupInstance (0ms)
			ReleaseScriptingObjects (0ms)
			CreateAndSetChildDomain (33ms)
		EndReloadAssembly (649ms)
			LoadAssemblies (97ms)
			RebuildTransferFunctionScriptingTraits (0ms)
			SetupTypeCache (213ms)
			ReleaseScriptCaches (1ms)
			RebuildScriptCaches (37ms)
			SetupLoadedEditorAssemblies (287ms)
				LogAssemblyErrors (0ms)
				InitializePlatformSupportModulesInManaged (9ms)
				SetLoadedEditorAssemblies (0ms)
				RefreshPlugins (1ms)
				BeforeProcessingInitializeOnLoad (66ms)
				ProcessInitializeOnLoadAttributes (176ms)
				ProcessInitializeOnLoadMethodAttributes (32ms)
				AfterProcessingInitializeOnLoad (2ms)
				EditorAssembliesLoaded (0ms)
			ExecutionOrderSort2 (0ms)
			AwakeInstancesAfterBackupRestoration (7ms)
Platform modules already initialized, skipping
Refreshing native plugins compatible for Editor in 2.70 ms, found 4 plugins.
Preloading 0 native plugins for Editor in 0.00 ms.
Unloading 4096 Unused Serialized files (Serialized files now loaded: 0)
Unloading 26 unused Assets / (24.6 KB). Loaded Objects now: 4582.
Memory consumption went from 152.9 MB to 152.8 MB.
Total: 2.831900 ms (FindLiveObjects: 0.340600 ms CreateObjectMapping: 0.086400 ms MarkObjects: 2.381300 ms  DeleteObjects: 0.022100 ms)

AssetImportParameters requested are different than current active one (requested -> active):
  custom:video-decoder-ogg-theora: a1e56fd34408186e4bbccfd4996cb3dc -> 
  custom:container-muxer-webm: aa71ff27fc2769a1b78a27578f13a17b -> 
  custom:container-demuxer-webm: 4f35f7cbe854078d1ac9338744f61a02 -> 
  custom:video-encoder-webm-vp8: eb34c28f22e8b96e1ab97ce403110664 -> 
  custom:audio-encoder-webm-vorbis: bf7c407c2cedff20999df2af8eb42d56 -> 
  custom:framework-win-MediaFoundation: 216162199b28c13a410421893ffa2e32 -> 
  custom:container-demuxer-ogg: 62fdf1f143b41e24485cea50d1cbac27 -> 
  custom:video-decoder-webm-vp8: 9c59270c3fd7afecdb556c50c9e8de78 -> 
  custom:audio-decoder-ogg-vorbis: bf7c407c2cedff20999df2af8eb42d56 -> 
========================================================================
Received Prepare
Registering precompiled user dll's ...
Registered in 0.009968 seconds.
Begin MonoManager ReloadAssembly
Symbol file LoadedFromMemory doesn't match image C:\Users\Nojus\Documents\GitHub\td-game\src\v 0.0\Library\PackageCache\com.unity.visualscripting@1.7.8\Editor\VisualScripting.Core\Dependencies\YamlDotNet\Unity.VisualScripting.YamlDotNet.dll
Symbol file LoadedFromMemory doesn't match image C:\Users\Nojus\Documents\GitHub\td-game\src\v 0.0\Library\PackageCache\com.unity.visualscripting@1.7.8\Editor\VisualScripting.Core\Dependencies\DotNetZip\Unity.VisualScripting.IonicZip.dll
Native extension for WindowsStandalone target not found
Refreshing native plugins compatible for Editor in 0.96 ms, found 4 plugins.
Preloading 0 native plugins for Editor in 0.00 ms.
Mono: successfully reloaded assembly
- Completed reload, in  0.916 seconds
Domain Reload Profiling:
	ReloadAssembly (917ms)
		BeginReloadAssembly (134ms)
			ExecutionOrderSort (0ms)
			DisableScriptedObjects (6ms)
			BackupInstance (0ms)
			ReleaseScriptingObjects (0ms)
			CreateAndSetChildDomain (32ms)
		EndReloadAssembly (699ms)
			LoadAssemblies (98ms)
			RebuildTransferFunctionScriptingTraits (0ms)
			SetupTypeCache (204ms)
			ReleaseScriptCaches (1ms)
			RebuildScriptCaches (38ms)
			SetupLoadedEditorAssemblies (329ms)
				LogAssemblyErrors (0ms)
				InitializePlatformSupportModulesInManaged (11ms)
				SetLoadedEditorAssemblies (0ms)
				RefreshPlugins (1ms)
				BeforeProcessingInitializeOnLoad (74ms)
				ProcessInitializeOnLoadAttributes (201ms)
				ProcessInitializeOnLoadMethodAttributes (38ms)
				AfterProcessingInitializeOnLoad (3ms)
				EditorAssembliesLoaded (0ms)
			ExecutionOrderSort2 (0ms)
			AwakeInstancesAfterBackupRestoration (8ms)
Platform modules already initialized, skipping
Refreshing native plugins compatible for Editor in 2.69 ms, found 4 plugins.
Preloading 0 native plugins for Editor in 0.00 ms.
Unloading 4096 Unused Serialized files (Serialized files now loaded: 0)
Unloading 26 unused Assets / (24.7 KB). Loaded Objects now: 4585.
Memory consumption went from 152.9 MB to 152.8 MB.
Total: 2.889500 ms (FindLiveObjects: 0.344500 ms CreateObjectMapping: 0.086900 ms MarkObjects: 2.435500 ms  DeleteObjects: 0.021300 ms)

AssetImportParameters requested are different than current active one (requested -> active):
  custom:video-decoder-ogg-theora: a1e56fd34408186e4bbccfd4996cb3dc -> 
  custom:container-muxer-webm: aa71ff27fc2769a1b78a27578f13a17b -> 
  custom:container-demuxer-webm: 4f35f7cbe854078d1ac9338744f61a02 -> 
  custom:video-encoder-webm-vp8: eb34c28f22e8b96e1ab97ce403110664 -> 
  custom:audio-encoder-webm-vorbis: bf7c407c2cedff20999df2af8eb42d56 -> 
  custom:framework-win-MediaFoundation: 216162199b28c13a410421893ffa2e32 -> 
  custom:container-demuxer-ogg: 62fdf1f143b41e24485cea50d1cbac27 -> 
  custom:video-decoder-webm-vp8: 9c59270c3fd7afecdb556c50c9e8de78 -> 
  custom:audio-decoder-ogg-vorbis: bf7c407c2cedff20999df2af8eb42d56 -> 
========================================================================
Received Prepare
Registering precompiled user dll's ...
Registered in 0.009662 seconds.
Begin MonoManager ReloadAssembly
Symbol file LoadedFromMemory doesn't match image C:\Users\Nojus\Documents\GitHub\td-game\src\v 0.0\Library\PackageCache\com.unity.visualscripting@1.7.8\Editor\VisualScripting.Core\Dependencies\YamlDotNet\Unity.VisualScripting.YamlDotNet.dll
Symbol file LoadedFromMemory doesn't match image C:\Users\Nojus\Documents\GitHub\td-game\src\v 0.0\Library\PackageCache\com.unity.visualscripting@1.7.8\Editor\VisualScripting.Core\Dependencies\DotNetZip\Unity.VisualScripting.IonicZip.dll
Native extension for WindowsStandalone target not found
Refreshing native plugins compatible for Editor in 1.29 ms, found 4 plugins.
Preloading 0 native plugins for Editor in 0.00 ms.
Mono: successfully reloaded assembly
- Completed reload, in  0.945 seconds
Domain Reload Profiling:
	ReloadAssembly (945ms)
		BeginReloadAssembly (132ms)
			ExecutionOrderSort (0ms)
			DisableScriptedObjects (7ms)
			BackupInstance (0ms)
			ReleaseScriptingObjects (0ms)
			CreateAndSetChildDomain (31ms)
		EndReloadAssembly (724ms)
			LoadAssemblies (94ms)
			RebuildTransferFunctionScriptingTraits (0ms)
			SetupTypeCache (205ms)
			ReleaseScriptCaches (2ms)
			RebuildScriptCaches (40ms)
			SetupLoadedEditorAssemblies (340ms)
				LogAssemblyErrors (0ms)
				InitializePlatformSupportModulesInManaged (11ms)
				SetLoadedEditorAssemblies (1ms)
				RefreshPlugins (1ms)
				BeforeProcessingInitializeOnLoad (74ms)
				ProcessInitializeOnLoadAttributes (208ms)
				ProcessInitializeOnLoadMethodAttributes (40ms)
				AfterProcessingInitializeOnLoad (5ms)
				EditorAssembliesLoaded (0ms)
			ExecutionOrderSort2 (0ms)
			AwakeInstancesAfterBackupRestoration (14ms)
Platform modules already initialized, skipping
Refreshing native plugins compatible for Editor in 2.99 ms, found 4 plugins.
Preloading 0 native plugins for Editor in 0.00 ms.
Unloading 4096 Unused Serialized files (Serialized files now loaded: 0)
Unloading 26 unused Assets / (24.6 KB). Loaded Objects now: 4588.
Memory consumption went from 152.9 MB to 152.9 MB.
Total: 2.951300 ms (FindLiveObjects: 0.346500 ms CreateObjectMapping: 0.086200 ms MarkObjects: 2.493300 ms  DeleteObjects: 0.024600 ms)

AssetImportParameters requested are different than current active one (requested -> active):
  custom:video-decoder-ogg-theora: a1e56fd34408186e4bbccfd4996cb3dc -> 
  custom:container-muxer-webm: aa71ff27fc2769a1b78a27578f13a17b -> 
  custom:container-demuxer-webm: 4f35f7cbe854078d1ac9338744f61a02 -> 
  custom:video-encoder-webm-vp8: eb34c28f22e8b96e1ab97ce403110664 -> 
  custom:audio-encoder-webm-vorbis: bf7c407c2cedff20999df2af8eb42d56 -> 
  custom:framework-win-MediaFoundation: 216162199b28c13a410421893ffa2e32 -> 
  custom:container-demuxer-ogg: 62fdf1f143b41e24485cea50d1cbac27 -> 
  custom:video-decoder-webm-vp8: 9c59270c3fd7afecdb556c50c9e8de78 -> 
  custom:audio-decoder-ogg-vorbis: bf7c407c2cedff20999df2af8eb42d56 -> 
========================================================================
Received Import Request.
  Time since last request: 59412.685600 seconds.
  path: Assets/Prefabs/Tile/Grass.prefab
  artifactKey: Guid(5e14767ce2bd91c40bd53a24cc8207be) Importer(815301076,1909f56bfc062723c751e8b465ee728b)
Start importing Assets/Prefabs/Tile/Grass.prefab using Guid(5e14767ce2bd91c40bd53a24cc8207be) Importer(815301076,1909f56bfc062723c751e8b465ee728b)  -> (artifact id: 'e3dccb575d23d90256d14622cd0bb415') in 0.098298 seconds 
========================================================================
Received Import Request.
  Time since last request: 19.175928 seconds.
  path: Assets/Resources/Grass(Clone).prefab
  artifactKey: Guid(601c6d81b75d22d43bc814df00c6bd9f) Importer(815301076,1909f56bfc062723c751e8b465ee728b)
Start importing Assets/Resources/Grass(Clone).prefab using Guid(601c6d81b75d22d43bc814df00c6bd9f) Importer(815301076,1909f56bfc062723c751e8b465ee728b)  -> (artifact id: '2f5fb373b7732f3dfdc70eb1a98ba8dd') in 0.022385 seconds 
========================================================================
Received Import Request.
  Time since last request: 1.491488 seconds.
  path: Assets/Resources/Grass(Clone).prefab
  artifactKey: Guid(601c6d81b75d22d43bc814df00c6bd9f) Importer(815301076,1909f56bfc062723c751e8b465ee728b)
Start importing Assets/Resources/Grass(Clone).prefab using Guid(601c6d81b75d22d43bc814df00c6bd9f) Importer(815301076,1909f56bfc062723c751e8b465ee728b)  -> (artifact id: '6433aaf158cd1913a9a8cfd84343be33') in 0.010313 seconds 
========================================================================
Received Import Request.
  Time since last request: 1.805323 seconds.
  path: Assets/Resources/Grass(Clone).prefab
  artifactKey: Guid(601c6d81b75d22d43bc814df00c6bd9f) Importer(815301076,1909f56bfc062723c751e8b465ee728b)
Start importing Assets/Resources/Grass(Clone).prefab using Guid(601c6d81b75d22d43bc814df00c6bd9f) Importer(815301076,1909f56bfc062723c751e8b465ee728b)  -> (artifact id: '520ca02654774f93df95851b0baa4b86') in 0.011157 seconds 
========================================================================
Received Import Request.
  Time since last request: 3.220601 seconds.
  path: Assets/Resources/Grass(Clone).prefab
  artifactKey: Guid(601c6d81b75d22d43bc814df00c6bd9f) Importer(815301076,1909f56bfc062723c751e8b465ee728b)
Start importing Assets/Resources/Grass(Clone).prefab using Guid(601c6d81b75d22d43bc814df00c6bd9f) Importer(815301076,1909f56bfc062723c751e8b465ee728b)  -> (artifact id: 'ac8e76843ed21f7b90e89f0256e39742') in 0.007986 seconds 
========================================================================
Received Import Request.
  Time since last request: 11.060089 seconds.
  path: Assets/Resources/Sand(Clone).prefab
  artifactKey: Guid(702be9435eb54684b8070e117d8c7f11) Importer(815301076,1909f56bfc062723c751e8b465ee728b)
Start importing Assets/Resources/Sand(Clone).prefab using Guid(702be9435eb54684b8070e117d8c7f11) Importer(815301076,1909f56bfc062723c751e8b465ee728b)  -> (artifact id: '02def8a6db39f41fab8b565987d0d78a') in 0.069233 seconds 
========================================================================
Received Import Request.
  Time since last request: 0.911932 seconds.
  path: Assets/Resources/Sand(Clone).prefab
  artifactKey: Guid(702be9435eb54684b8070e117d8c7f11) Importer(815301076,1909f56bfc062723c751e8b465ee728b)
Start importing Assets/Resources/Sand(Clone).prefab using Guid(702be9435eb54684b8070e117d8c7f11) Importer(815301076,1909f56bfc062723c751e8b465ee728b)  -> (artifact id: 'dccc9f6a94f86e3211dd7cc0ae9147cb') in 0.010302 seconds 
========================================================================
Received Import Request.
  Time since last request: 0.581071 seconds.
  path: Assets/Resources/Sand(Clone).prefab
  artifactKey: Guid(702be9435eb54684b8070e117d8c7f11) Importer(815301076,1909f56bfc062723c751e8b465ee728b)
Start importing Assets/Resources/Sand(Clone).prefab using Guid(702be9435eb54684b8070e117d8c7f11) Importer(815301076,1909f56bfc062723c751e8b465ee728b)  -> (artifact id: '78489fa8c1e0542e226b2abac6675762') in 0.010646 seconds 
========================================================================
Received Import Request.
  Time since last request: 0.792810 seconds.
  path: Assets/Resources/Sand(Clone).prefab
  artifactKey: Guid(702be9435eb54684b8070e117d8c7f11) Importer(815301076,1909f56bfc062723c751e8b465ee728b)
Start importing Assets/Resources/Sand(Clone).prefab using Guid(702be9435eb54684b8070e117d8c7f11) Importer(815301076,1909f56bfc062723c751e8b465ee728b)  -> (artifact id: 'cf7a771858d26864d8e0b23d52560316') in 0.009575 seconds 
========================================================================
Received Import Request.
  Time since last request: 1.070599 seconds.
  path: Assets/Resources/Sand(Clone).prefab
  artifactKey: Guid(702be9435eb54684b8070e117d8c7f11) Importer(815301076,1909f56bfc062723c751e8b465ee728b)
Start importing Assets/Resources/Sand(Clone).prefab using Guid(702be9435eb54684b8070e117d8c7f11) Importer(815301076,1909f56bfc062723c751e8b465ee728b)  -> (artifact id: '5e1adc324b7db30ed80e9d1a649de901') in 0.009423 seconds 
========================================================================
Received Import Request.
  Time since last request: 3.990742 seconds.
  path: Assets/Prefabs/Tower/Tower1.prefab
  artifactKey: Guid(e6a1702c0ff81d94cbf3b93c53adbd06) Importer(815301076,1909f56bfc062723c751e8b465ee728b)
Start importing Assets/Prefabs/Tower/Tower1.prefab using Guid(e6a1702c0ff81d94cbf3b93c53adbd06) Importer(815301076,1909f56bfc062723c751e8b465ee728b)  -> (artifact id: '0c15c69242a1c7832f09e25dd5919ffb') in 0.013664 seconds 
========================================================================
Received Import Request.
  Time since last request: 0.000015 seconds.
  path: Assets/Prefabs/Tower/Tower5.prefab
  artifactKey: Guid(f9dbcd9f762a87d4586da2dbfad612e3) Importer(815301076,1909f56bfc062723c751e8b465ee728b)
Start importing Assets/Prefabs/Tower/Tower5.prefab using Guid(f9dbcd9f762a87d4586da2dbfad612e3) Importer(815301076,1909f56bfc062723c751e8b465ee728b)  -> (artifact id: '0b88619da39b6feaf77bf41bd5b451c6') in 0.010639 seconds 
========================================================================
Received Prepare
Registering precompiled user dll's ...
Registered in 0.009540 seconds.
Begin MonoManager ReloadAssembly
Symbol file LoadedFromMemory doesn't match image C:\Users\Nojus\Documents\GitHub\td-game\src\v 0.0\Library\PackageCache\com.unity.visualscripting@1.7.8\Editor\VisualScripting.Core\Dependencies\YamlDotNet\Unity.VisualScripting.YamlDotNet.dll
Symbol file LoadedFromMemory doesn't match image C:\Users\Nojus\Documents\GitHub\td-game\src\v 0.0\Library\PackageCache\com.unity.visualscripting@1.7.8\Editor\VisualScripting.Core\Dependencies\DotNetZip\Unity.VisualScripting.IonicZip.dll
Native extension for WindowsStandalone target not found
Refreshing native plugins compatible for Editor in 0.95 ms, found 4 plugins.
Preloading 0 native plugins for Editor in 0.00 ms.
Mono: successfully reloaded assembly
- Completed reload, in  1.068 seconds
Domain Reload Profiling:
	ReloadAssembly (1069ms)
		BeginReloadAssembly (146ms)
			ExecutionOrderSort (0ms)
			DisableScriptedObjects (6ms)
			BackupInstance (0ms)
			ReleaseScriptingObjects (0ms)
			CreateAndSetChildDomain (35ms)
		EndReloadAssembly (839ms)
			LoadAssemblies (111ms)
			RebuildTransferFunctionScriptingTraits (0ms)
			SetupTypeCache (279ms)
			ReleaseScriptCaches (2ms)
			RebuildScriptCaches (60ms)
			SetupLoadedEditorAssemblies (354ms)
				LogAssemblyErrors (0ms)
				InitializePlatformSupportModulesInManaged (12ms)
				SetLoadedEditorAssemblies (0ms)
				RefreshPlugins (1ms)
				BeforeProcessingInitializeOnLoad (80ms)
				ProcessInitializeOnLoadAttributes (217ms)
				ProcessInitializeOnLoadMethodAttributes (40ms)
				AfterProcessingInitializeOnLoad (4ms)
				EditorAssembliesLoaded (0ms)
			ExecutionOrderSort2 (0ms)
			AwakeInstancesAfterBackupRestoration (9ms)
Platform modules already initialized, skipping
Refreshing native plugins compatible for Editor in 2.94 ms, found 4 plugins.
Preloading 0 native plugins for Editor in 0.00 ms.
Unloading 4096 Unused Serialized files (Serialized files now loaded: 0)
Unloading 26 unused Assets / (24.6 KB). Loaded Objects now: 4599.
Memory consumption went from 157.3 MB to 157.3 MB.
Total: 3.152000 ms (FindLiveObjects: 0.422100 ms CreateObjectMapping: 0.089000 ms MarkObjects: 2.617700 ms  DeleteObjects: 0.022400 ms)

AssetImportParameters requested are different than current active one (requested -> active):
  custom:video-decoder-ogg-theora: a1e56fd34408186e4bbccfd4996cb3dc -> 
  custom:container-muxer-webm: aa71ff27fc2769a1b78a27578f13a17b -> 
  custom:container-demuxer-webm: 4f35f7cbe854078d1ac9338744f61a02 -> 
  custom:video-encoder-webm-vp8: eb34c28f22e8b96e1ab97ce403110664 -> 
  custom:audio-encoder-webm-vorbis: bf7c407c2cedff20999df2af8eb42d56 -> 
  custom:framework-win-MediaFoundation: 216162199b28c13a410421893ffa2e32 -> 
  custom:container-demuxer-ogg: 62fdf1f143b41e24485cea50d1cbac27 -> 
  custom:video-decoder-webm-vp8: 9c59270c3fd7afecdb556c50c9e8de78 -> 
  custom:audio-decoder-ogg-vorbis: bf7c407c2cedff20999df2af8eb42d56 -> 
Editor requested this worker to shutdown with reason: Scaling down because of idle timeout
AssetImportWorker is now disconnected from the server
Process exiting
Exiting without the bug reporter. Application will terminate with return code 0